{"./terraformer-arcgis-parser.js":{"path":"./terraformer-arcgis-parser.js","s":{"1":1,"2":1,"3":0,"4":1,"5":0,"6":1,"7":1,"8":0,"9":1,"10":1,"11":1,"12":1,"13":1,"14":1,"15":0,"16":1,"17":0,"18":1,"19":21,"20":21,"21":21,"22":21,"23":21,"24":81,"25":81,"26":81,"27":21,"28":1,"29":9,"30":9,"31":9,"32":6,"33":9,"34":9,"35":2,"36":2,"37":0,"38":2,"39":9,"40":1,"41":2,"42":2,"43":4,"44":4,"45":5,"46":5,"47":4,"48":2,"49":1,"50":5,"51":5,"52":5,"53":2,"54":3,"55":1,"56":6,"57":6,"58":6,"59":10,"60":10,"61":7,"62":7,"63":3,"64":6,"65":3,"66":3,"67":3,"68":5,"69":5,"70":2,"71":2,"72":2,"73":3,"74":1,"75":6,"76":4,"77":2,"78":1,"79":14,"80":14,"81":14,"82":2,"83":2,"84":14,"85":1,"86":1,"87":14,"88":2,"89":1,"90":1,"91":1,"92":1,"93":14,"94":6,"95":14,"96":3,"97":3,"98":3,"99":14,"100":14,"101":1,"102":14,"103":1,"104":21,"105":21,"106":21,"107":0,"108":21,"109":0,"110":21,"111":21,"112":21,"113":21,"114":3,"115":3,"116":3,"117":3,"118":1,"119":1,"120":1,"121":3,"122":3,"123":3,"124":1,"125":1,"126":1,"127":5,"128":5,"129":5,"130":2,"131":2,"132":2,"133":4,"134":4,"135":4,"136":1,"137":1,"138":3,"139":1,"140":1,"141":1,"142":3,"143":1,"144":21,"145":1,"146":1,"147":1,"148":1,"149":1},"b":{"1":[0,1],"2":[1,0],"3":[0,1],"4":[1,0],"5":[1,0],"6":[0,1],"7":[1,0],"8":[0,1],"9":[1,0],"10":[0,1],"11":[1,0,0],"12":[6,3],"13":[0,2],"14":[2,3],"15":[5,5],"16":[7,3],"17":[2,3],"18":[1,2],"19":[4,2],"20":[2,12],"21":[14,2],"22":[1,13],"23":[2,12],"24":[1,1],"25":[6,8],"26":[3,11],"27":[3,1],"28":[3,11],"29":[1,13],"30":[14,14],"31":[0,21],"32":[0,21],"33":[3,1,3,1,5,2,4,1,1]},"f":{"1":1,"2":1,"3":21,"4":9,"5":2,"6":5,"7":6,"8":14,"9":21},"fnMap":{"1":{"name":"(anonymous_1)","line":2,"loc":{"start":{"line":2,"column":1},"end":{"line":2,"column":26}}},"2":{"name":"(anonymous_2)","line":22,"loc":{"start":{"line":22,"column":8},"end":{"line":22,"column":19}}},"3":{"name":"ringIsClockwise","line":44,"loc":{"start":{"line":44,"column":2},"end":{"line":44,"column":39}}},"4":{"name":"flattenPolygonRings","line":70,"loc":{"start":{"line":70,"column":2},"end":{"line":70,"column":39}}},"5":{"name":"flattenMultiPolygonRings","line":114,"loc":{"start":{"line":114,"column":2},"end":{"line":114,"column":42}}},"6":{"name":"coordinatesContainCoordinates","line":127,"loc":{"start":{"line":127,"column":2},"end":{"line":127,"column":54}}},"7":{"name":"convertRingsToGeoJSON","line":138,"loc":{"start":{"line":138,"column":2},"end":{"line":138,"column":39}}},"8":{"name":"parse","line":196,"loc":{"start":{"line":196,"column":2},"end":{"line":196,"column":23}}},"9":{"name":"convert","line":241,"loc":{"start":{"line":241,"column":2},"end":{"line":241,"column":29}}}},"statementMap":{"1":{"start":{"line":2,"column":0},"end":{"line":309,"column":4}},"2":{"start":{"line":5,"column":2},"end":{"line":7,"column":3}},"3":{"start":{"line":6,"column":4},"end":{"line":6,"column":41}},"4":{"start":{"line":10,"column":2},"end":{"line":12,"column":3}},"5":{"start":{"line":11,"column":4},"end":{"line":11,"column":48}},"6":{"start":{"line":15,"column":2},"end":{"line":20,"column":3}},"7":{"start":{"line":16,"column":4},"end":{"line":18,"column":5}},"8":{"start":{"line":17,"column":6},"end":{"line":17,"column":28}},"9":{"start":{"line":19,"column":4},"end":{"line":19,"column":40}},"10":{"start":{"line":23,"column":2},"end":{"line":23,"column":19}},"11":{"start":{"line":24,"column":2},"end":{"line":24,"column":18}},"12":{"start":{"line":27,"column":2},"end":{"line":29,"column":3}},"13":{"start":{"line":28,"column":4},"end":{"line":28,"column":35}},"14":{"start":{"line":32,"column":2},"end":{"line":34,"column":3}},"15":{"start":{"line":33,"column":4},"end":{"line":33,"column":41}},"16":{"start":{"line":37,"column":2},"end":{"line":39,"column":3}},"17":{"start":{"line":38,"column":4},"end":{"line":38,"column":31}},"18":{"start":{"line":44,"column":2},"end":{"line":55,"column":3}},"19":{"start":{"line":45,"column":4},"end":{"line":45,"column":24}},"20":{"start":{"line":46,"column":4},"end":{"line":46,"column":36}},"21":{"start":{"line":47,"column":4},"end":{"line":47,"column":28}},"22":{"start":{"line":48,"column":4},"end":{"line":48,"column":12}},"23":{"start":{"line":49,"column":4},"end":{"line":53,"column":5}},"24":{"start":{"line":50,"column":6},"end":{"line":50,"column":30}},"25":{"start":{"line":51,"column":6},"end":{"line":51,"column":53}},"26":{"start":{"line":52,"column":6},"end":{"line":52,"column":16}},"27":{"start":{"line":54,"column":4},"end":{"line":54,"column":24}},"28":{"start":{"line":70,"column":2},"end":{"line":89,"column":3}},"29":{"start":{"line":71,"column":4},"end":{"line":71,"column":20}},"30":{"start":{"line":72,"column":4},"end":{"line":72,"column":36}},"31":{"start":{"line":74,"column":4},"end":{"line":76,"column":5}},"32":{"start":{"line":75,"column":6},"end":{"line":75,"column":26}},"33":{"start":{"line":78,"column":4},"end":{"line":78,"column":27}},"34":{"start":{"line":80,"column":4},"end":{"line":86,"column":5}},"35":{"start":{"line":81,"column":6},"end":{"line":81,"column":28}},"36":{"start":{"line":82,"column":6},"end":{"line":84,"column":7}},"37":{"start":{"line":83,"column":8},"end":{"line":83,"column":28}},"38":{"start":{"line":85,"column":6},"end":{"line":85,"column":30}},"39":{"start":{"line":88,"column":4},"end":{"line":88,"column":18}},"40":{"start":{"line":114,"column":2},"end":{"line":125,"column":3}},"41":{"start":{"line":115,"column":4},"end":{"line":115,"column":20}},"42":{"start":{"line":116,"column":4},"end":{"line":123,"column":5}},"43":{"start":{"line":117,"column":6},"end":{"line":117,"column":50}},"44":{"start":{"line":118,"column":6},"end":{"line":121,"column":7}},"45":{"start":{"line":119,"column":8},"end":{"line":119,"column":30}},"46":{"start":{"line":120,"column":8},"end":{"line":120,"column":26}},"47":{"start":{"line":122,"column":6},"end":{"line":122,"column":20}},"48":{"start":{"line":124,"column":4},"end":{"line":124,"column":18}},"49":{"start":{"line":127,"column":2},"end":{"line":134,"column":3}},"50":{"start":{"line":128,"column":4},"end":{"line":128,"column":74}},"51":{"start":{"line":129,"column":4},"end":{"line":129,"column":78}},"52":{"start":{"line":130,"column":4},"end":{"line":132,"column":5}},"53":{"start":{"line":131,"column":6},"end":{"line":131,"column":18}},"54":{"start":{"line":133,"column":4},"end":{"line":133,"column":17}},"55":{"start":{"line":138,"column":2},"end":{"line":193,"column":3}},"56":{"start":{"line":139,"column":4},"end":{"line":139,"column":24}},"57":{"start":{"line":140,"column":4},"end":{"line":140,"column":19}},"58":{"start":{"line":143,"column":4},"end":{"line":153,"column":5}},"59":{"start":{"line":144,"column":6},"end":{"line":144,"column":26}},"60":{"start":{"line":147,"column":6},"end":{"line":152,"column":7}},"61":{"start":{"line":148,"column":8},"end":{"line":148,"column":31}},"62":{"start":{"line":149,"column":8},"end":{"line":149,"column":33}},"63":{"start":{"line":151,"column":8},"end":{"line":151,"column":25}},"64":{"start":{"line":156,"column":4},"end":{"line":180,"column":5}},"65":{"start":{"line":158,"column":6},"end":{"line":158,"column":29}},"66":{"start":{"line":159,"column":6},"end":{"line":159,"column":26}},"67":{"start":{"line":162,"column":6},"end":{"line":174,"column":7}},"68":{"start":{"line":163,"column":8},"end":{"line":163,"column":41}},"69":{"start":{"line":164,"column":8},"end":{"line":173,"column":9}},"70":{"start":{"line":166,"column":10},"end":{"line":166,"column":35}},"71":{"start":{"line":169,"column":10},"end":{"line":169,"column":25}},"72":{"start":{"line":172,"column":10},"end":{"line":172,"column":16}},"73":{"start":{"line":177,"column":6},"end":{"line":179,"column":7}},"74":{"start":{"line":178,"column":8},"end":{"line":178,"column":44}},"75":{"start":{"line":182,"column":4},"end":{"line":192,"column":5}},"76":{"start":{"line":183,"column":6},"end":{"line":186,"column":8}},"77":{"start":{"line":188,"column":6},"end":{"line":191,"column":8}},"78":{"start":{"line":196,"column":2},"end":{"line":238,"column":3}},"79":{"start":{"line":197,"column":4},"end":{"line":197,"column":51}},"80":{"start":{"line":198,"column":4},"end":{"line":198,"column":21}},"81":{"start":{"line":200,"column":4},"end":{"line":203,"column":5}},"82":{"start":{"line":201,"column":6},"end":{"line":201,"column":29}},"83":{"start":{"line":202,"column":6},"end":{"line":202,"column":49}},"84":{"start":{"line":205,"column":4},"end":{"line":208,"column":5}},"85":{"start":{"line":206,"column":6},"end":{"line":206,"column":34}},"86":{"start":{"line":207,"column":6},"end":{"line":207,"column":42}},"87":{"start":{"line":210,"column":4},"end":{"line":218,"column":5}},"88":{"start":{"line":211,"column":6},"end":{"line":217,"column":7}},"89":{"start":{"line":212,"column":8},"end":{"line":212,"column":36}},"90":{"start":{"line":213,"column":8},"end":{"line":213,"column":46}},"91":{"start":{"line":215,"column":8},"end":{"line":215,"column":41}},"92":{"start":{"line":216,"column":8},"end":{"line":216,"column":43}},"93":{"start":{"line":220,"column":4},"end":{"line":222,"column":5}},"94":{"start":{"line":221,"column":6},"end":{"line":221,"column":52}},"95":{"start":{"line":224,"column":4},"end":{"line":228,"column":5}},"96":{"start":{"line":225,"column":6},"end":{"line":225,"column":31}},"97":{"start":{"line":226,"column":6},"end":{"line":226,"column":48}},"98":{"start":{"line":227,"column":6},"end":{"line":227,"column":51}},"99":{"start":{"line":230,"column":4},"end":{"line":230,"column":111}},"100":{"start":{"line":233,"column":4},"end":{"line":235,"column":5}},"101":{"start":{"line":234,"column":6},"end":{"line":234,"column":50}},"102":{"start":{"line":237,"column":4},"end":{"line":237,"column":46}},"103":{"start":{"line":241,"column":2},"end":{"line":301,"column":3}},"104":{"start":{"line":242,"column":4},"end":{"line":242,"column":52}},"105":{"start":{"line":243,"column":4},"end":{"line":243,"column":25}},"106":{"start":{"line":245,"column":4},"end":{"line":251,"column":5}},"107":{"start":{"line":246,"column":6},"end":{"line":246,"column":28}},"108":{"start":{"line":247,"column":11},"end":{"line":251,"column":5}},"109":{"start":{"line":248,"column":6},"end":{"line":248,"column":42}},"110":{"start":{"line":250,"column":6},"end":{"line":250,"column":40}},"111":{"start":{"line":253,"column":4},"end":{"line":253,"column":20}},"112":{"start":{"line":254,"column":4},"end":{"line":254,"column":10}},"113":{"start":{"line":256,"column":4},"end":{"line":298,"column":5}},"114":{"start":{"line":258,"column":6},"end":{"line":258,"column":40}},"115":{"start":{"line":259,"column":6},"end":{"line":259,"column":40}},"116":{"start":{"line":260,"column":6},"end":{"line":260,"column":49}},"117":{"start":{"line":261,"column":6},"end":{"line":261,"column":12}},"118":{"start":{"line":263,"column":6},"end":{"line":263,"column":42}},"119":{"start":{"line":264,"column":6},"end":{"line":264,"column":49}},"120":{"start":{"line":265,"column":6},"end":{"line":265,"column":12}},"121":{"start":{"line":267,"column":6},"end":{"line":267,"column":43}},"122":{"start":{"line":268,"column":6},"end":{"line":268,"column":49}},"123":{"start":{"line":269,"column":6},"end":{"line":269,"column":12}},"124":{"start":{"line":271,"column":6},"end":{"line":271,"column":41}},"125":{"start":{"line":272,"column":6},"end":{"line":272,"column":49}},"126":{"start":{"line":273,"column":6},"end":{"line":273,"column":12}},"127":{"start":{"line":275,"column":6},"end":{"line":275,"column":62}},"128":{"start":{"line":276,"column":6},"end":{"line":276,"column":49}},"129":{"start":{"line":277,"column":6},"end":{"line":277,"column":12}},"130":{"start":{"line":279,"column":6},"end":{"line":279,"column":67}},"131":{"start":{"line":280,"column":6},"end":{"line":280,"column":49}},"132":{"start":{"line":281,"column":6},"end":{"line":281,"column":12}},"133":{"start":{"line":283,"column":6},"end":{"line":283,"column":50}},"134":{"start":{"line":284,"column":6},"end":{"line":284,"column":45}},"135":{"start":{"line":285,"column":6},"end":{"line":285,"column":12}},"136":{"start":{"line":287,"column":6},"end":{"line":287,"column":18}},"137":{"start":{"line":288,"column":6},"end":{"line":290,"column":7}},"138":{"start":{"line":289,"column":8},"end":{"line":289,"column":50}},"139":{"start":{"line":291,"column":6},"end":{"line":291,"column":12}},"140":{"start":{"line":293,"column":6},"end":{"line":293,"column":18}},"141":{"start":{"line":294,"column":6},"end":{"line":296,"column":7}},"142":{"start":{"line":295,"column":8},"end":{"line":295,"column":52}},"143":{"start":{"line":297,"column":6},"end":{"line":297,"column":12}},"144":{"start":{"line":300,"column":4},"end":{"line":300,"column":18}},"145":{"start":{"line":303,"column":2},"end":{"line":303,"column":26}},"146":{"start":{"line":304,"column":2},"end":{"line":304,"column":28}},"147":{"start":{"line":305,"column":2},"end":{"line":305,"column":28}},"148":{"start":{"line":306,"column":2},"end":{"line":306,"column":32}},"149":{"start":{"line":308,"column":2},"end":{"line":308,"column":17}}},"branchMap":{"1":{"line":5,"type":"if","locations":[{"start":{"line":5,"column":2},"end":{"line":5,"column":2}},{"start":{"line":5,"column":2},"end":{"line":5,"column":2}}]},"2":{"line":5,"type":"binary-expr","locations":[{"start":{"line":5,"column":5},"end":{"line":5,"column":31}},{"start":{"line":5,"column":35},"end":{"line":5,"column":69}}]},"3":{"line":10,"type":"if","locations":[{"start":{"line":10,"column":2},"end":{"line":10,"column":2}},{"start":{"line":10,"column":2},"end":{"line":10,"column":2}}]},"4":{"line":10,"type":"binary-expr","locations":[{"start":{"line":10,"column":5},"end":{"line":10,"column":33}},{"start":{"line":10,"column":37},"end":{"line":10,"column":47}}]},"5":{"line":15,"type":"if","locations":[{"start":{"line":15,"column":2},"end":{"line":15,"column":2}},{"start":{"line":15,"column":2},"end":{"line":15,"column":2}}]},"6":{"line":16,"type":"if","locations":[{"start":{"line":16,"column":4},"end":{"line":16,"column":4}},{"start":{"line":16,"column":4},"end":{"line":16,"column":4}}]},"7":{"line":27,"type":"if","locations":[{"start":{"line":27,"column":2},"end":{"line":27,"column":2}},{"start":{"line":27,"column":2},"end":{"line":27,"column":2}}]},"8":{"line":32,"type":"if","locations":[{"start":{"line":32,"column":2},"end":{"line":32,"column":2}},{"start":{"line":32,"column":2},"end":{"line":32,"column":2}}]},"9":{"line":32,"type":"binary-expr","locations":[{"start":{"line":32,"column":5},"end":{"line":32,"column":31}},{"start":{"line":32,"column":35},"end":{"line":32,"column":69}}]},"10":{"line":37,"type":"if","locations":[{"start":{"line":37,"column":2},"end":{"line":37,"column":2}},{"start":{"line":37,"column":2},"end":{"line":37,"column":2}}]},"11":{"line":37,"type":"binary-expr","locations":[{"start":{"line":37,"column":5},"end":{"line":37,"column":17}},{"start":{"line":37,"column":21},"end":{"line":37,"column":49}},{"start":{"line":37,"column":53},"end":{"line":37,"column":63}}]},"12":{"line":74,"type":"if","locations":[{"start":{"line":74,"column":4},"end":{"line":74,"column":4}},{"start":{"line":74,"column":4},"end":{"line":74,"column":4}}]},"13":{"line":82,"type":"if","locations":[{"start":{"line":82,"column":6},"end":{"line":82,"column":6}},{"start":{"line":82,"column":6},"end":{"line":82,"column":6}}]},"14":{"line":130,"type":"if","locations":[{"start":{"line":130,"column":4},"end":{"line":130,"column":4}},{"start":{"line":130,"column":4},"end":{"line":130,"column":4}}]},"15":{"line":130,"type":"binary-expr","locations":[{"start":{"line":130,"column":7},"end":{"line":130,"column":18}},{"start":{"line":130,"column":22},"end":{"line":130,"column":30}}]},"16":{"line":147,"type":"if","locations":[{"start":{"line":147,"column":6},"end":{"line":147,"column":6}},{"start":{"line":147,"column":6},"end":{"line":147,"column":6}}]},"17":{"line":164,"type":"if","locations":[{"start":{"line":164,"column":8},"end":{"line":164,"column":8}},{"start":{"line":164,"column":8},"end":{"line":164,"column":8}}]},"18":{"line":177,"type":"if","locations":[{"start":{"line":177,"column":6},"end":{"line":177,"column":6}},{"start":{"line":177,"column":6},"end":{"line":177,"column":6}}]},"19":{"line":182,"type":"if","locations":[{"start":{"line":182,"column":4},"end":{"line":182,"column":4}},{"start":{"line":182,"column":4},"end":{"line":182,"column":4}}]},"20":{"line":200,"type":"if","locations":[{"start":{"line":200,"column":4},"end":{"line":200,"column":4}},{"start":{"line":200,"column":4},"end":{"line":200,"column":4}}]},"21":{"line":200,"type":"binary-expr","locations":[{"start":{"line":200,"column":7},"end":{"line":200,"column":15}},{"start":{"line":200,"column":19},"end":{"line":200,"column":27}}]},"22":{"line":205,"type":"if","locations":[{"start":{"line":205,"column":4},"end":{"line":205,"column":4}},{"start":{"line":205,"column":4},"end":{"line":205,"column":4}}]},"23":{"line":210,"type":"if","locations":[{"start":{"line":210,"column":4},"end":{"line":210,"column":4}},{"start":{"line":210,"column":4},"end":{"line":210,"column":4}}]},"24":{"line":211,"type":"if","locations":[{"start":{"line":211,"column":6},"end":{"line":211,"column":6}},{"start":{"line":211,"column":6},"end":{"line":211,"column":6}}]},"25":{"line":220,"type":"if","locations":[{"start":{"line":220,"column":4},"end":{"line":220,"column":4}},{"start":{"line":220,"column":4},"end":{"line":220,"column":4}}]},"26":{"line":224,"type":"if","locations":[{"start":{"line":224,"column":4},"end":{"line":224,"column":4}},{"start":{"line":224,"column":4},"end":{"line":224,"column":4}}]},"27":{"line":227,"type":"binary-expr","locations":[{"start":{"line":227,"column":27},"end":{"line":227,"column":44}},{"start":{"line":227,"column":48},"end":{"line":227,"column":50}}]},"28":{"line":230,"type":"cond-expr","locations":[{"start":{"line":230,"column":52},"end":{"line":230,"column":84}},{"start":{"line":230,"column":87},"end":{"line":230,"column":110}}]},"29":{"line":233,"type":"if","locations":[{"start":{"line":233,"column":4},"end":{"line":233,"column":4}},{"start":{"line":233,"column":4},"end":{"line":233,"column":4}}]},"30":{"line":233,"type":"binary-expr","locations":[{"start":{"line":233,"column":7},"end":{"line":233,"column":28}},{"start":{"line":233,"column":32},"end":{"line":233,"column":69}}]},"31":{"line":245,"type":"if","locations":[{"start":{"line":245,"column":4},"end":{"line":245,"column":4}},{"start":{"line":245,"column":4},"end":{"line":245,"column":4}}]},"32":{"line":247,"type":"if","locations":[{"start":{"line":247,"column":11},"end":{"line":247,"column":11}},{"start":{"line":247,"column":11},"end":{"line":247,"column":11}}]},"33":{"line":256,"type":"switch","locations":[{"start":{"line":257,"column":4},"end":{"line":261,"column":12}},{"start":{"line":262,"column":4},"end":{"line":265,"column":12}},{"start":{"line":266,"column":4},"end":{"line":269,"column":12}},{"start":{"line":270,"column":4},"end":{"line":273,"column":12}},{"start":{"line":274,"column":4},"end":{"line":277,"column":12}},{"start":{"line":278,"column":4},"end":{"line":281,"column":12}},{"start":{"line":282,"column":4},"end":{"line":285,"column":12}},{"start":{"line":286,"column":4},"end":{"line":291,"column":12}},{"start":{"line":292,"column":4},"end":{"line":297,"column":12}}]}}}}